<?xml version="1.0" encoding="UTF-8"?>
<testng-results skipped="0" failed="0" total="1" passed="1">
  <reporter-output>
  </reporter-output>
  <suite name="Surefire suite" duration-ms="7" started-at="2016-05-10T19:58:52Z" finished-at="2016-05-10T19:58:52Z">
    <groups>
    </groups>
    <test name="Surefire test" duration-ms="7" started-at="2016-05-10T19:58:52Z" finished-at="2016-05-10T19:58:52Z">
      <class name="com.backoffice.BackOfficeUI_Automaton.AppTest">
        <test-method status="PASS" signature="testApp()[pri:0, instance:testApp(com.backoffice.BackOfficeUI_Automaton.AppTest)]" name="testApp" duration-ms="1" started-at="2016-05-10T12:58:52Z" finished-at="2016-05-10T12:58:52Z">
          <reporter-output>
          </reporter-output>
        </test-method> <!-- testApp -->
      </class> <!-- com.backoffice.BackOfficeUI_Automaton.AppTest -->
    </test> <!-- Surefire test -->
  </suite> <!-- Surefire suite -->
</testng-results>
