<?xml version="1.0" encoding="UTF-8"?>
<!-- Generated by org.testng.reporters.JUnitXMLReporter -->
<testsuite hostname="PUN5CB21137XS" name="Surefire test" tests="1" failures="1" timestamp="10 May 2016 19:58:52 GMT" time="18.695" errors="0">
  <testcase name="CheckUI" time="0.005" classname="com.backoffice.BackOfficeUI_Automaton.CheckPageUITest">
    <failure type="java.lang.NullPointerException">
      <![CDATA[java.lang.NullPointerException
	at com.backoffice.BackOfficeUI_Automaton.BackOfficeMain.clickOnSignin(BackOfficeMain.java:21)
	at com.backoffice.BackOfficeUI_Automaton.CheckPageUITest.CheckUI(CheckPageUITest.java:16)
	at org.apache.maven.surefire.testng.TestNGExecutor.run(TestNGExecutor.java:115)
	at org.apache.maven.surefire.testng.TestNGDirectoryTestSuite.executeMulti(TestNGDirectoryTestSuite.java:204)
	at org.apache.maven.surefire.testng.TestNGDirectoryTestSuite.execute(TestNGDirectoryTestSuite.java:107)
	at org.apache.maven.surefire.testng.TestNGProvider.invoke(TestNGProvider.java:112)
	at org.apache.maven.surefire.booter.ForkedBooter.invokeProviderInSameClassLoader(ForkedBooter.java:200)
	at org.apache.maven.surefire.booter.ForkedBooter.runSuitesInProcess(ForkedBooter.java:153)
	at org.apache.maven.surefire.booter.ForkedBooter.main(ForkedBooter.java:103)
... Removed 21 stack frames]]>
    </failure>
  </testcase> <!-- CheckUI -->
</testsuite> <!-- Surefire test -->
