<?xml version="1.0" encoding="UTF-8"?>
<testng-results skipped="0" failed="1" total="1" passed="0">
  <reporter-output>
  </reporter-output>
  <suite name="Surefire suite" duration-ms="18695" started-at="2016-05-10T19:58:34Z" finished-at="2016-05-10T19:58:52Z">
    <groups>
    </groups>
    <test name="Surefire test" duration-ms="18695" started-at="2016-05-10T19:58:34Z" finished-at="2016-05-10T19:58:52Z">
      <class name="com.bacoffice.backofficeUI_Automation_BaseTest.BaseTest">
        <test-method status="PASS" signature="thisisTest()[pri:0, instance:com.bacoffice.backofficeUI_Automation_BaseTest.BaseTest@17f6480]" name="thisisTest" is-config="true" duration-ms="18676" started-at="2016-05-10T12:58:34Z" finished-at="2016-05-10T12:58:52Z">
          <reporter-output>
          </reporter-output>
        </test-method> <!-- thisisTest -->
      </class> <!-- com.bacoffice.backofficeUI_Automation_BaseTest.BaseTest -->
      <class name="com.backoffice.BackOfficeUI_Automaton.CheckPageUITest">
        <test-method status="FAIL" signature="CheckUI()[pri:0, instance:com.backoffice.BackOfficeUI_Automaton.CheckPageUITest@96532d6]" name="CheckUI" duration-ms="5" started-at="2016-05-10T12:58:52Z" finished-at="2016-05-10T12:58:52Z">
          <exception class="java.lang.NullPointerException">
            <full-stacktrace>
              <![CDATA[java.lang.NullPointerException
	at com.backoffice.BackOfficeUI_Automaton.BackOfficeMain.clickOnSignin(BackOfficeMain.java:21)
	at com.backoffice.BackOfficeUI_Automaton.CheckPageUITest.CheckUI(CheckPageUITest.java:16)
	at sun.reflect.NativeMethodAccessorImpl.invoke0(Native Method)
	at sun.reflect.NativeMethodAccessorImpl.invoke(NativeMethodAccessorImpl.java:62)
	at sun.reflect.DelegatingMethodAccessorImpl.invoke(DelegatingMethodAccessorImpl.java:43)
	at java.lang.reflect.Method.invoke(Method.java:498)
	at org.testng.internal.MethodInvocationHelper.invokeMethod(MethodInvocationHelper.java:80)
	at org.testng.internal.Invoker.invokeMethod(Invoker.java:714)
	at org.testng.internal.Invoker.invokeTestMethod(Invoker.java:901)
	at org.testng.internal.Invoker.invokeTestMethods(Invoker.java:1231)
	at org.testng.internal.TestMethodWorker.invokeTestMethods(TestMethodWorker.java:127)
	at org.testng.internal.TestMethodWorker.run(TestMethodWorker.java:111)
	at org.testng.TestRunner.privateRun(TestRunner.java:767)
	at org.testng.TestRunner.run(TestRunner.java:617)
	at org.testng.SuiteRunner.runTest(SuiteRunner.java:334)
	at org.testng.SuiteRunner.runSequentially(SuiteRunner.java:329)
	at org.testng.SuiteRunner.privateRun(SuiteRunner.java:291)
	at org.testng.SuiteRunner.run(SuiteRunner.java:240)
	at org.testng.SuiteRunnerWorker.runSuite(SuiteRunnerWorker.java:52)
	at org.testng.SuiteRunnerWorker.run(SuiteRunnerWorker.java:86)
	at org.testng.TestNG.runSuitesSequentially(TestNG.java:1198)
	at org.testng.TestNG.runSuitesLocally(TestNG.java:1123)
	at org.testng.TestNG.run(TestNG.java:1031)
	at org.apache.maven.surefire.testng.TestNGExecutor.run(TestNGExecutor.java:115)
	at org.apache.maven.surefire.testng.TestNGDirectoryTestSuite.executeMulti(TestNGDirectoryTestSuite.java:204)
	at org.apache.maven.surefire.testng.TestNGDirectoryTestSuite.execute(TestNGDirectoryTestSuite.java:107)
	at org.apache.maven.surefire.testng.TestNGProvider.invoke(TestNGProvider.java:112)
	at org.apache.maven.surefire.booter.ForkedBooter.invokeProviderInSameClassLoader(ForkedBooter.java:200)
	at org.apache.maven.surefire.booter.ForkedBooter.runSuitesInProcess(ForkedBooter.java:153)
	at org.apache.maven.surefire.booter.ForkedBooter.main(ForkedBooter.java:103)
]]>
            </full-stacktrace>
          </exception> <!-- java.lang.NullPointerException -->
          <reporter-output>
          </reporter-output>
        </test-method> <!-- CheckUI -->
      </class> <!-- com.backoffice.BackOfficeUI_Automaton.CheckPageUITest -->
    </test> <!-- Surefire test -->
  </suite> <!-- Surefire suite -->
</testng-results>
