<?xml version="1.0" encoding="UTF-8"?>
<testsuite name="TestSuite" time="0.022" tests="1" errors="0" skipped="0" failures="1">
  <properties>
[...]
</properties>
  <testcase name="CheckUI" classname="com.backoffice.BackOfficeUI_Automaton.CheckPageUITest" time="0.022">
    <failure type="java.lang.NullPointerException:">java.lang.NullPointerException: null
	at org.openqa.selenium.support.pagefactory.DefaultElementLocator.findElement(DefaultElementLocator.java:69)
	at org.openqa.selenium.support.pagefactory.internal.LocatingElementHandler.invoke(LocatingElementHandler.java:38)
	at com.sun.proxy.$Proxy4.click(Unknown Source)
	at com.backoffice.BackOfficeUI_Automaton.BackOfficeMain.clickOnSignin(BackOfficeMain.java:26)
	at com.backoffice.BackOfficeUI_Automaton.CheckPageUITest.CheckUI(CheckPageUITest.java:16)
</failure>
    <system-out><![CDATA[Configuring TestNG with: TestNG652Configurator
this is test
]]></system-out>
  </testcase>
</testsuite>